<?xml version="1.0" encoding="UTF-8"?>
<coverage generated="1674847397449" clover="3.2.0">
  <project timestamp="1674847397449" name="All files">
    <metrics statements="58" coveredstatements="57" conditionals="109" coveredconditionals="76" methods="13" coveredmethods="13" elements="180" coveredelements="146" complexity="0" loc="58" ncloc="58" packages="2" files="2" classes="2"/>
    <package name="src">
      <metrics statements="29" coveredstatements="29" conditionals="90" coveredconditionals="57" methods="8" coveredmethods="8"/>
      <file name="index.tsx" path="C:\projects\tailwind-factory\src\index.tsx">
        <metrics statements="29" coveredstatements="29" conditionals="90" coveredconditionals="57" methods="8" coveredmethods="8"/>
        <line num="2" count="1" type="stmt"/>
        <line num="3" count="1" type="stmt"/>
        <line num="4" count="1" type="stmt"/>
        <line num="32" count="1" type="stmt"/>
        <line num="54" count="8" type="cond" truecount="4" falsecount="2"/>
        <line num="56" count="7" type="stmt"/>
        <line num="57" count="7" type="stmt"/>
        <line num="67" count="7" type="stmt"/>
        <line num="69" count="21" type="cond" truecount="2" falsecount="0"/>
        <line num="70" count="8" type="stmt"/>
        <line num="74" count="13" type="stmt"/>
        <line num="79" count="21" type="stmt"/>
        <line num="89" count="7" type="stmt"/>
        <line num="95" count="7" type="cond" truecount="4" falsecount="2"/>
        <line num="101" count="7" type="stmt"/>
        <line num="138" count="4" type="stmt"/>
        <line num="140" count="4" type="cond" truecount="4" falsecount="2"/>
        <line num="142" count="3" type="stmt"/>
        <line num="143" count="3" type="stmt"/>
        <line num="153" count="6" type="stmt"/>
        <line num="155" count="15" type="cond" truecount="2" falsecount="0"/>
        <line num="156" count="4" type="stmt"/>
        <line num="160" count="11" type="stmt"/>
        <line num="165" count="15" type="stmt"/>
        <line num="175" count="6" type="stmt"/>
        <line num="181" count="6" type="cond" truecount="4" falsecount="2"/>
        <line num="187" count="6" type="stmt"/>
        <line num="197" count="4" type="stmt"/>
        <line num="202" count="8" type="stmt"/>
      </file>
    </package>
    <package name="src.factory">
      <metrics statements="29" coveredstatements="28" conditionals="19" coveredconditionals="19" methods="5" coveredmethods="5"/>
      <file name="tailwind.ts" path="C:\projects\tailwind-factory\src\factory\tailwind.ts">
        <metrics statements="29" coveredstatements="28" conditionals="19" coveredconditionals="19" methods="5" coveredmethods="5"/>
        <line num="11" count="2" type="stmt"/>
        <line num="12" count="43" type="stmt"/>
        <line num="13" count="43" type="stmt"/>
        <line num="14" count="43" type="stmt"/>
        <line num="16" count="43" type="cond" truecount="1" falsecount="0"/>
        <line num="17" count="1" type="stmt"/>
        <line num="20" count="43" type="cond" truecount="1" falsecount="0"/>
        <line num="21" count="41" type="stmt"/>
        <line num="22" count="41" type="stmt"/>
        <line num="23" count="41" type="stmt"/>
        <line num="25" count="2039" type="stmt"/>
        <line num="26" count="2039" type="cond" truecount="2" falsecount="0"/>
        <line num="30" count="68" type="stmt"/>
        <line num="34" count="0" type="stmt"/>
        <line num="38" count="2" type="stmt"/>
        <line num="41" count="2" type="stmt"/>
        <line num="46" count="19" type="stmt"/>
        <line num="47" count="19" type="stmt"/>
        <line num="49" count="19" type="stmt"/>
        <line num="50" count="23" type="stmt"/>
        <line num="51" count="23" type="stmt"/>
        <line num="53" count="23" type="cond" truecount="2" falsecount="0"/>
        <line num="57" count="7" type="stmt"/>
        <line num="58" count="16" type="cond" truecount="1" falsecount="0"/>
        <line num="62" count="2" type="stmt"/>
        <line num="65" count="23" type="stmt"/>
        <line num="66" count="23" type="stmt"/>
        <line num="69" count="19" type="stmt"/>
        <line num="71" count="19" type="stmt"/>
      </file>
    </package>
  </project>
</coverage>
