{"C:\\projects\\tailwind-factory\\src\\index.tsx": {"path":"C:\\projects\\tailwind-factory\\src\\index.tsx","statementMap":{"0":{"start":{"line":3,"column":0},"end":{"line":3,"column":77}},"1":{"start":{"line":4,"column":0},"end":{"line":4,"column":90}},"2":{"start":{"line":5,"column":0},"end":{"line":5,"column":58}},"3":{"start":{"line":55,"column":26},"end":{"line":60,"column":8}},"4":{"start":{"line":57,"column":8},"end":{"line":57,"column":23}},"5":{"start":{"line":58,"column":8},"end":{"line":58,"column":20}},"6":{"start":{"line":68,"column":39},"end":{"line":87,"column":null}},"7":{"start":{"line":70,"column":8},"end":{"line":78,"column":null}},"8":{"start":{"line":71,"column":10},"end":{"line":73,"column":13}},"9":{"start":{"line":75,"column":10},"end":{"line":77,"column":13}},"10":{"start":{"line":80,"column":8},"end":{"line":80,"column":20}},"11":{"start":{"line":90,"column":29},"end":{"line":93,"column":null}},"12":{"start":{"line":96,"column":29},"end":{"line":100,"column":10}},"13":{"start":{"line":102,"column":4},"end":{"line":109,"column":21}},"14":{"start":{"line":137,"column":27},"end":{"line":137,"column":61}},"15":{"start":{"line":139,"column":28},"end":{"line":144,"column":10}},"16":{"start":{"line":141,"column":10},"end":{"line":141,"column":25}},"17":{"start":{"line":142,"column":10},"end":{"line":142,"column":22}},"18":{"start":{"line":152,"column":41},"end":{"line":171,"column":null}},"19":{"start":{"line":154,"column":10},"end":{"line":162,"column":null}},"20":{"start":{"line":155,"column":12},"end":{"line":157,"column":15}},"21":{"start":{"line":159,"column":12},"end":{"line":161,"column":15}},"22":{"start":{"line":164,"column":10},"end":{"line":164,"column":22}},"23":{"start":{"line":174,"column":31},"end":{"line":177,"column":null}},"24":{"start":{"line":180,"column":31},"end":{"line":184,"column":12}},"25":{"start":{"line":186,"column":6},"end":{"line":193,"column":23}},"26":{"start":{"line":196,"column":4},"end":{"line":198,"column":7}},"27":{"start":{"line":201,"column":2},"end":{"line":203,"column":5}},"28":{"start":{"line":33,"column":0},"end":{"line":33,"column":16}}},"fnMap":{"0":{"name":"tf","decl":{"start":{"line":33,"column":16},"end":{"line":33,"column":18}},"loc":{"start":{"line":45,"column":8},"end":{"line":204,"column":1}}},"1":{"name":"(anonymous_1)","decl":{"start":{"line":56,"column":46},"end":{"line":56,"column":47}},"loc":{"start":{"line":56,"column":62},"end":{"line":59,"column":7}}},"2":{"name":"CreatedElement","decl":{"start":{"line":62,"column":11},"end":{"line":62,"column":25}},"loc":{"start":{"line":62,"column":52},"end":{"line":110,"column":3}}},"3":{"name":"(anonymous_3)","decl":{"start":{"line":69,"column":6},"end":{"line":69,"column":7}},"loc":{"start":{"line":69,"column":29},"end":{"line":81,"column":7}}},"4":{"name":"extendsElement","decl":{"start":{"line":112,"column":11},"end":{"line":112,"column":25}},"loc":{"start":{"line":124,"column":10},"end":{"line":199,"column":3}}},"5":{"name":"(anonymous_5)","decl":{"start":{"line":140,"column":56},"end":{"line":140,"column":57}},"loc":{"start":{"line":140,"column":72},"end":{"line":143,"column":9}}},"6":{"name":"CreatedExtendedElement","decl":{"start":{"line":146,"column":13},"end":{"line":146,"column":35}},"loc":{"start":{"line":146,"column":56},"end":{"line":194,"column":5}}},"7":{"name":"(anonymous_7)","decl":{"start":{"line":153,"column":8},"end":{"line":153,"column":9}},"loc":{"start":{"line":153,"column":31},"end":{"line":165,"column":9}}}},"branchMap":{"0":{"loc":{"start":{"line":40,"column":2},"end":{"line":40,"column":13}},"type":"default-arg","locations":[{"start":{"line":40,"column":11},"end":{"line":40,"column":13}}]},"1":{"loc":{"start":{"line":41,"column":2},"end":{"line":45,"column":8}},"type":"default-arg","locations":[{"start":{"line":45,"column":6},"end":{"line":45,"column":8}}]},"2":{"loc":{"start":{"line":55,"column":26},"end":{"line":60,"column":8}},"type":"cond-expr","locations":[{"start":{"line":56,"column":6},"end":{"line":59,"column":24}},{"start":{"line":60,"column":6},"end":{"line":60,"column":8}}]},"3":{"loc":{"start":{"line":55,"column":26},"end":{"line":55,"column":42}},"type":"cond-expr","locations":[{"start":{"line":55,"column":32},"end":{"line":55,"column":34}},{"start":{"line":55,"column":26},"end":{"line":55,"column":42}}]},"4":{"loc":{"start":{"line":55,"column":26},"end":{"line":55,"column":34}},"type":"binary-expr","locations":[{"start":{"line":55,"column":26},"end":{"line":55,"column":34}},{"start":{"line":55,"column":26},"end":{"line":55,"column":34}}]},"5":{"loc":{"start":{"line":56,"column":21},"end":{"line":56,"column":37}},"type":"cond-expr","locations":[{"start":{"line":56,"column":27},"end":{"line":56,"column":29}},{"start":{"line":56,"column":21},"end":{"line":56,"column":37}}]},"6":{"loc":{"start":{"line":56,"column":21},"end":{"line":56,"column":29}},"type":"binary-expr","locations":[{"start":{"line":56,"column":21},"end":{"line":56,"column":29}},{"start":{"line":56,"column":21},"end":{"line":56,"column":29}}]},"7":{"loc":{"start":{"line":70,"column":8},"end":{"line":78,"column":null}},"type":"if","locations":[{"start":{"line":70,"column":8},"end":{"line":78,"column":null}},{"start":{"line":74,"column":15},"end":{"line":78,"column":null}}]},"8":{"loc":{"start":{"line":85,"column":14},"end":{"line":85,"column":43}},"type":"binary-expr","locations":[{"start":{"line":85,"column":14},"end":{"line":85,"column":37}},{"start":{"line":85,"column":41},"end":{"line":85,"column":43}}]},"9":{"loc":{"start":{"line":85,"column":14},"end":{"line":85,"column":37}},"type":"cond-expr","locations":[{"start":{"line":85,"column":20},"end":{"line":85,"column":22}},{"start":{"line":85,"column":14},"end":{"line":85,"column":37}}]},"10":{"loc":{"start":{"line":85,"column":14},"end":{"line":85,"column":22}},"type":"binary-expr","locations":[{"start":{"line":85,"column":14},"end":{"line":85,"column":22}},{"start":{"line":85,"column":14},"end":{"line":85,"column":22}}]},"11":{"loc":{"start":{"line":93,"column":6},"end":{"line":93,"column":28}},"type":"binary-expr","locations":[{"start":{"line":93,"column":6},"end":{"line":93,"column":22}},{"start":{"line":93,"column":26},"end":{"line":93,"column":28}}]},"12":{"loc":{"start":{"line":93,"column":6},"end":{"line":93,"column":22}},"type":"cond-expr","locations":[{"start":{"line":93,"column":12},"end":{"line":93,"column":14}},{"start":{"line":93,"column":6},"end":{"line":93,"column":22}}]},"13":{"loc":{"start":{"line":93,"column":6},"end":{"line":93,"column":14}},"type":"binary-expr","locations":[{"start":{"line":93,"column":6},"end":{"line":93,"column":14}},{"start":{"line":93,"column":6},"end":{"line":93,"column":14}}]},"14":{"loc":{"start":{"line":96,"column":29},"end":{"line":100,"column":10}},"type":"cond-expr","locations":[{"start":{"line":97,"column":8},"end":{"line":99,"column":11}},{"start":{"line":100,"column":8},"end":{"line":100,"column":10}}]},"15":{"loc":{"start":{"line":96,"column":29},"end":{"line":96,"column":52}},"type":"cond-expr","locations":[{"start":{"line":96,"column":41},"end":{"line":96,"column":43}},{"start":{"line":96,"column":29},"end":{"line":96,"column":52}}]},"16":{"loc":{"start":{"line":96,"column":29},"end":{"line":96,"column":43}},"type":"binary-expr","locations":[{"start":{"line":96,"column":29},"end":{"line":96,"column":43}},{"start":{"line":96,"column":29},"end":{"line":96,"column":43}}]},"17":{"loc":{"start":{"line":97,"column":11},"end":{"line":97,"column":38}},"type":"cond-expr","locations":[{"start":{"line":97,"column":30},"end":{"line":97,"column":33}},{"start":{"line":97,"column":36},"end":{"line":97,"column":38}}]},"18":{"loc":{"start":{"line":98,"column":10},"end":{"line":98,"column":33}},"type":"cond-expr","locations":[{"start":{"line":98,"column":22},"end":{"line":98,"column":24}},{"start":{"line":98,"column":10},"end":{"line":98,"column":33}}]},"19":{"loc":{"start":{"line":98,"column":10},"end":{"line":98,"column":24}},"type":"binary-expr","locations":[{"start":{"line":98,"column":10},"end":{"line":98,"column":24}},{"start":{"line":98,"column":10},"end":{"line":98,"column":24}}]},"20":{"loc":{"start":{"line":108,"column":6},"end":{"line":108,"column":28}},"type":"cond-expr","locations":[{"start":{"line":108,"column":18},"end":{"line":108,"column":20}},{"start":{"line":108,"column":6},"end":{"line":108,"column":28}}]},"21":{"loc":{"start":{"line":108,"column":6},"end":{"line":108,"column":20}},"type":"binary-expr","locations":[{"start":{"line":108,"column":6},"end":{"line":108,"column":20}},{"start":{"line":108,"column":6},"end":{"line":108,"column":20}}]},"22":{"loc":{"start":{"line":119,"column":4},"end":{"line":119,"column":18}},"type":"default-arg","locations":[{"start":{"line":119,"column":16},"end":{"line":119,"column":18}}]},"23":{"loc":{"start":{"line":120,"column":4},"end":{"line":124,"column":10}},"type":"default-arg","locations":[{"start":{"line":124,"column":8},"end":{"line":124,"column":10}}]},"24":{"loc":{"start":{"line":139,"column":28},"end":{"line":144,"column":10}},"type":"cond-expr","locations":[{"start":{"line":140,"column":8},"end":{"line":143,"column":26}},{"start":{"line":144,"column":8},"end":{"line":144,"column":10}}]},"25":{"loc":{"start":{"line":139,"column":28},"end":{"line":139,"column":52}},"type":"cond-expr","locations":[{"start":{"line":139,"column":42},"end":{"line":139,"column":44}},{"start":{"line":139,"column":28},"end":{"line":139,"column":52}}]},"26":{"loc":{"start":{"line":139,"column":28},"end":{"line":139,"column":44}},"type":"binary-expr","locations":[{"start":{"line":139,"column":28},"end":{"line":139,"column":44}},{"start":{"line":139,"column":28},"end":{"line":139,"column":44}}]},"27":{"loc":{"start":{"line":140,"column":23},"end":{"line":140,"column":47}},"type":"cond-expr","locations":[{"start":{"line":140,"column":37},"end":{"line":140,"column":39}},{"start":{"line":140,"column":23},"end":{"line":140,"column":47}}]},"28":{"loc":{"start":{"line":140,"column":23},"end":{"line":140,"column":39}},"type":"binary-expr","locations":[{"start":{"line":140,"column":23},"end":{"line":140,"column":39}},{"start":{"line":140,"column":23},"end":{"line":140,"column":39}}]},"29":{"loc":{"start":{"line":154,"column":10},"end":{"line":162,"column":null}},"type":"if","locations":[{"start":{"line":154,"column":10},"end":{"line":162,"column":null}},{"start":{"line":158,"column":17},"end":{"line":162,"column":null}}]},"30":{"loc":{"start":{"line":169,"column":16},"end":{"line":169,"column":53}},"type":"binary-expr","locations":[{"start":{"line":169,"column":16},"end":{"line":169,"column":47}},{"start":{"line":169,"column":51},"end":{"line":169,"column":53}}]},"31":{"loc":{"start":{"line":169,"column":16},"end":{"line":169,"column":47}},"type":"cond-expr","locations":[{"start":{"line":169,"column":30},"end":{"line":169,"column":32}},{"start":{"line":169,"column":16},"end":{"line":169,"column":47}}]},"32":{"loc":{"start":{"line":169,"column":16},"end":{"line":169,"column":32}},"type":"binary-expr","locations":[{"start":{"line":169,"column":16},"end":{"line":169,"column":32}},{"start":{"line":169,"column":16},"end":{"line":169,"column":32}}]},"33":{"loc":{"start":{"line":175,"column":18},"end":{"line":175,"column":35}},"type":"cond-expr","locations":[{"start":{"line":175,"column":27},"end":{"line":175,"column":30}},{"start":{"line":175,"column":33},"end":{"line":175,"column":35}}]},"34":{"loc":{"start":{"line":177,"column":8},"end":{"line":177,"column":38}},"type":"binary-expr","locations":[{"start":{"line":177,"column":8},"end":{"line":177,"column":32}},{"start":{"line":177,"column":36},"end":{"line":177,"column":38}}]},"35":{"loc":{"start":{"line":177,"column":8},"end":{"line":177,"column":32}},"type":"cond-expr","locations":[{"start":{"line":177,"column":22},"end":{"line":177,"column":24}},{"start":{"line":177,"column":8},"end":{"line":177,"column":32}}]},"36":{"loc":{"start":{"line":177,"column":8},"end":{"line":177,"column":24}},"type":"binary-expr","locations":[{"start":{"line":177,"column":8},"end":{"line":177,"column":24}},{"start":{"line":177,"column":8},"end":{"line":177,"column":24}}]},"37":{"loc":{"start":{"line":180,"column":31},"end":{"line":184,"column":12}},"type":"cond-expr","locations":[{"start":{"line":181,"column":10},"end":{"line":183,"column":13}},{"start":{"line":184,"column":10},"end":{"line":184,"column":12}}]},"38":{"loc":{"start":{"line":180,"column":31},"end":{"line":180,"column":54}},"type":"cond-expr","locations":[{"start":{"line":180,"column":43},"end":{"line":180,"column":45}},{"start":{"line":180,"column":31},"end":{"line":180,"column":54}}]},"39":{"loc":{"start":{"line":180,"column":31},"end":{"line":180,"column":45}},"type":"binary-expr","locations":[{"start":{"line":180,"column":31},"end":{"line":180,"column":45}},{"start":{"line":180,"column":31},"end":{"line":180,"column":45}}]},"40":{"loc":{"start":{"line":181,"column":13},"end":{"line":181,"column":40}},"type":"cond-expr","locations":[{"start":{"line":181,"column":32},"end":{"line":181,"column":35}},{"start":{"line":181,"column":38},"end":{"line":181,"column":40}}]},"41":{"loc":{"start":{"line":182,"column":12},"end":{"line":182,"column":35}},"type":"cond-expr","locations":[{"start":{"line":182,"column":24},"end":{"line":182,"column":26}},{"start":{"line":182,"column":12},"end":{"line":182,"column":35}}]},"42":{"loc":{"start":{"line":182,"column":12},"end":{"line":182,"column":26}},"type":"binary-expr","locations":[{"start":{"line":182,"column":12},"end":{"line":182,"column":26}},{"start":{"line":182,"column":12},"end":{"line":182,"column":26}}]},"43":{"loc":{"start":{"line":192,"column":8},"end":{"line":192,"column":30}},"type":"cond-expr","locations":[{"start":{"line":192,"column":20},"end":{"line":192,"column":22}},{"start":{"line":192,"column":8},"end":{"line":192,"column":30}}]},"44":{"loc":{"start":{"line":192,"column":8},"end":{"line":192,"column":22}},"type":"binary-expr","locations":[{"start":{"line":192,"column":8},"end":{"line":192,"column":22}},{"start":{"line":192,"column":8},"end":{"line":192,"column":22}}]}},"s":{"0":1,"1":1,"2":1,"3":7,"4":6,"5":6,"6":6,"7":19,"8":7,"9":12,"10":19,"11":6,"12":6,"13":6,"14":2,"15":2,"16":1,"17":1,"18":4,"19":10,"20":2,"21":8,"22":10,"23":4,"24":4,"25":4,"26":2,"27":7,"28":1},"f":{"0":7,"1":6,"2":6,"3":19,"4":2,"5":1,"6":4,"7":10},"b":{"0":[0],"1":[0],"2":[7,0],"3":[0,7],"4":[7,7],"5":[0,7],"6":[7,7],"7":[7,12],"8":[6,1],"9":[0,6],"10":[6,6],"11":[6,0],"12":[0,6],"13":[6,6],"14":[0,6],"15":[0,6],"16":[6,6],"17":[0,0],"18":[0,0],"19":[0,0],"20":[0,6],"21":[6,6],"22":[0],"23":[1],"24":[2,0],"25":[0,2],"26":[2,2],"27":[0,2],"28":[2,2],"29":[2,8],"30":[4,0],"31":[0,4],"32":[4,4],"33":[4,0],"34":[4,0],"35":[0,4],"36":[4,4],"37":[0,4],"38":[0,4],"39":[4,4],"40":[0,0],"41":[0,0],"42":[0,0],"43":[0,4],"44":[4,4]}}
}
