{"C:\\projects\\tailwind-factory\\src\\index.tsx": {"path":"C:\\projects\\tailwind-factory\\src\\index.tsx","statementMap":{"0":{"start":{"line":2,"column":0},"end":{"line":2,"column":77}},"1":{"start":{"line":3,"column":0},"end":{"line":3,"column":90}},"2":{"start":{"line":4,"column":0},"end":{"line":4,"column":58}},"3":{"start":{"line":54,"column":26},"end":{"line":59,"column":8}},"4":{"start":{"line":56,"column":8},"end":{"line":56,"column":23}},"5":{"start":{"line":57,"column":8},"end":{"line":57,"column":20}},"6":{"start":{"line":67,"column":39},"end":{"line":86,"column":null}},"7":{"start":{"line":69,"column":8},"end":{"line":77,"column":null}},"8":{"start":{"line":70,"column":10},"end":{"line":72,"column":13}},"9":{"start":{"line":74,"column":10},"end":{"line":76,"column":13}},"10":{"start":{"line":79,"column":8},"end":{"line":79,"column":20}},"11":{"start":{"line":89,"column":29},"end":{"line":92,"column":null}},"12":{"start":{"line":95,"column":29},"end":{"line":99,"column":10}},"13":{"start":{"line":101,"column":4},"end":{"line":108,"column":21}},"14":{"start":{"line":138,"column":27},"end":{"line":138,"column":61}},"15":{"start":{"line":140,"column":28},"end":{"line":145,"column":10}},"16":{"start":{"line":142,"column":10},"end":{"line":142,"column":25}},"17":{"start":{"line":143,"column":10},"end":{"line":143,"column":22}},"18":{"start":{"line":153,"column":41},"end":{"line":172,"column":null}},"19":{"start":{"line":155,"column":10},"end":{"line":163,"column":null}},"20":{"start":{"line":156,"column":12},"end":{"line":158,"column":15}},"21":{"start":{"line":160,"column":12},"end":{"line":162,"column":15}},"22":{"start":{"line":165,"column":10},"end":{"line":165,"column":22}},"23":{"start":{"line":175,"column":31},"end":{"line":178,"column":null}},"24":{"start":{"line":181,"column":31},"end":{"line":185,"column":12}},"25":{"start":{"line":187,"column":6},"end":{"line":194,"column":23}},"26":{"start":{"line":197,"column":4},"end":{"line":199,"column":7}},"27":{"start":{"line":202,"column":2},"end":{"line":204,"column":5}},"28":{"start":{"line":32,"column":0},"end":{"line":32,"column":16}}},"fnMap":{"0":{"name":"tf","decl":{"start":{"line":32,"column":16},"end":{"line":32,"column":18}},"loc":{"start":{"line":44,"column":8},"end":{"line":205,"column":1}}},"1":{"name":"(anonymous_1)","decl":{"start":{"line":55,"column":46},"end":{"line":55,"column":47}},"loc":{"start":{"line":55,"column":62},"end":{"line":58,"column":7}}},"2":{"name":"CreatedElement","decl":{"start":{"line":61,"column":11},"end":{"line":61,"column":25}},"loc":{"start":{"line":61,"column":52},"end":{"line":109,"column":3}}},"3":{"name":"(anonymous_3)","decl":{"start":{"line":68,"column":6},"end":{"line":68,"column":7}},"loc":{"start":{"line":68,"column":29},"end":{"line":80,"column":7}}},"4":{"name":"extendsElement","decl":{"start":{"line":111,"column":11},"end":{"line":111,"column":25}},"loc":{"start":{"line":125,"column":10},"end":{"line":200,"column":3}}},"5":{"name":"(anonymous_5)","decl":{"start":{"line":141,"column":56},"end":{"line":141,"column":57}},"loc":{"start":{"line":141,"column":72},"end":{"line":144,"column":9}}},"6":{"name":"CreatedExtendedElement","decl":{"start":{"line":147,"column":13},"end":{"line":147,"column":35}},"loc":{"start":{"line":147,"column":68},"end":{"line":195,"column":5}}},"7":{"name":"(anonymous_7)","decl":{"start":{"line":154,"column":8},"end":{"line":154,"column":9}},"loc":{"start":{"line":154,"column":31},"end":{"line":166,"column":9}}}},"branchMap":{"0":{"loc":{"start":{"line":39,"column":2},"end":{"line":39,"column":13}},"type":"default-arg","locations":[{"start":{"line":39,"column":11},"end":{"line":39,"column":13}}]},"1":{"loc":{"start":{"line":40,"column":2},"end":{"line":44,"column":8}},"type":"default-arg","locations":[{"start":{"line":44,"column":6},"end":{"line":44,"column":8}}]},"2":{"loc":{"start":{"line":54,"column":26},"end":{"line":59,"column":8}},"type":"cond-expr","locations":[{"start":{"line":55,"column":6},"end":{"line":58,"column":24}},{"start":{"line":59,"column":6},"end":{"line":59,"column":8}}]},"3":{"loc":{"start":{"line":54,"column":26},"end":{"line":54,"column":42}},"type":"cond-expr","locations":[{"start":{"line":54,"column":32},"end":{"line":54,"column":34}},{"start":{"line":54,"column":26},"end":{"line":54,"column":42}}]},"4":{"loc":{"start":{"line":54,"column":26},"end":{"line":54,"column":34}},"type":"binary-expr","locations":[{"start":{"line":54,"column":26},"end":{"line":54,"column":34}},{"start":{"line":54,"column":26},"end":{"line":54,"column":34}}]},"5":{"loc":{"start":{"line":55,"column":21},"end":{"line":55,"column":37}},"type":"cond-expr","locations":[{"start":{"line":55,"column":27},"end":{"line":55,"column":29}},{"start":{"line":55,"column":21},"end":{"line":55,"column":37}}]},"6":{"loc":{"start":{"line":55,"column":21},"end":{"line":55,"column":29}},"type":"binary-expr","locations":[{"start":{"line":55,"column":21},"end":{"line":55,"column":29}},{"start":{"line":55,"column":21},"end":{"line":55,"column":29}}]},"7":{"loc":{"start":{"line":69,"column":8},"end":{"line":77,"column":null}},"type":"if","locations":[{"start":{"line":69,"column":8},"end":{"line":77,"column":null}},{"start":{"line":73,"column":15},"end":{"line":77,"column":null}}]},"8":{"loc":{"start":{"line":84,"column":14},"end":{"line":84,"column":43}},"type":"binary-expr","locations":[{"start":{"line":84,"column":14},"end":{"line":84,"column":37}},{"start":{"line":84,"column":41},"end":{"line":84,"column":43}}]},"9":{"loc":{"start":{"line":84,"column":14},"end":{"line":84,"column":37}},"type":"cond-expr","locations":[{"start":{"line":84,"column":20},"end":{"line":84,"column":22}},{"start":{"line":84,"column":14},"end":{"line":84,"column":37}}]},"10":{"loc":{"start":{"line":84,"column":14},"end":{"line":84,"column":22}},"type":"binary-expr","locations":[{"start":{"line":84,"column":14},"end":{"line":84,"column":22}},{"start":{"line":84,"column":14},"end":{"line":84,"column":22}}]},"11":{"loc":{"start":{"line":92,"column":6},"end":{"line":92,"column":28}},"type":"binary-expr","locations":[{"start":{"line":92,"column":6},"end":{"line":92,"column":22}},{"start":{"line":92,"column":26},"end":{"line":92,"column":28}}]},"12":{"loc":{"start":{"line":92,"column":6},"end":{"line":92,"column":22}},"type":"cond-expr","locations":[{"start":{"line":92,"column":12},"end":{"line":92,"column":14}},{"start":{"line":92,"column":6},"end":{"line":92,"column":22}}]},"13":{"loc":{"start":{"line":92,"column":6},"end":{"line":92,"column":14}},"type":"binary-expr","locations":[{"start":{"line":92,"column":6},"end":{"line":92,"column":14}},{"start":{"line":92,"column":6},"end":{"line":92,"column":14}}]},"14":{"loc":{"start":{"line":95,"column":29},"end":{"line":99,"column":10}},"type":"cond-expr","locations":[{"start":{"line":96,"column":8},"end":{"line":98,"column":11}},{"start":{"line":99,"column":8},"end":{"line":99,"column":10}}]},"15":{"loc":{"start":{"line":95,"column":29},"end":{"line":95,"column":52}},"type":"cond-expr","locations":[{"start":{"line":95,"column":41},"end":{"line":95,"column":43}},{"start":{"line":95,"column":29},"end":{"line":95,"column":52}}]},"16":{"loc":{"start":{"line":95,"column":29},"end":{"line":95,"column":43}},"type":"binary-expr","locations":[{"start":{"line":95,"column":29},"end":{"line":95,"column":43}},{"start":{"line":95,"column":29},"end":{"line":95,"column":43}}]},"17":{"loc":{"start":{"line":96,"column":11},"end":{"line":96,"column":38}},"type":"cond-expr","locations":[{"start":{"line":96,"column":30},"end":{"line":96,"column":33}},{"start":{"line":96,"column":36},"end":{"line":96,"column":38}}]},"18":{"loc":{"start":{"line":97,"column":10},"end":{"line":97,"column":33}},"type":"cond-expr","locations":[{"start":{"line":97,"column":22},"end":{"line":97,"column":24}},{"start":{"line":97,"column":10},"end":{"line":97,"column":33}}]},"19":{"loc":{"start":{"line":97,"column":10},"end":{"line":97,"column":24}},"type":"binary-expr","locations":[{"start":{"line":97,"column":10},"end":{"line":97,"column":24}},{"start":{"line":97,"column":10},"end":{"line":97,"column":24}}]},"20":{"loc":{"start":{"line":107,"column":6},"end":{"line":107,"column":28}},"type":"cond-expr","locations":[{"start":{"line":107,"column":18},"end":{"line":107,"column":20}},{"start":{"line":107,"column":6},"end":{"line":107,"column":28}}]},"21":{"loc":{"start":{"line":107,"column":6},"end":{"line":107,"column":20}},"type":"binary-expr","locations":[{"start":{"line":107,"column":6},"end":{"line":107,"column":20}},{"start":{"line":107,"column":6},"end":{"line":107,"column":20}}]},"22":{"loc":{"start":{"line":120,"column":4},"end":{"line":120,"column":18}},"type":"default-arg","locations":[{"start":{"line":120,"column":16},"end":{"line":120,"column":18}}]},"23":{"loc":{"start":{"line":121,"column":4},"end":{"line":125,"column":10}},"type":"default-arg","locations":[{"start":{"line":125,"column":8},"end":{"line":125,"column":10}}]},"24":{"loc":{"start":{"line":140,"column":28},"end":{"line":145,"column":10}},"type":"cond-expr","locations":[{"start":{"line":141,"column":8},"end":{"line":144,"column":26}},{"start":{"line":145,"column":8},"end":{"line":145,"column":10}}]},"25":{"loc":{"start":{"line":140,"column":28},"end":{"line":140,"column":52}},"type":"cond-expr","locations":[{"start":{"line":140,"column":42},"end":{"line":140,"column":44}},{"start":{"line":140,"column":28},"end":{"line":140,"column":52}}]},"26":{"loc":{"start":{"line":140,"column":28},"end":{"line":140,"column":44}},"type":"binary-expr","locations":[{"start":{"line":140,"column":28},"end":{"line":140,"column":44}},{"start":{"line":140,"column":28},"end":{"line":140,"column":44}}]},"27":{"loc":{"start":{"line":141,"column":23},"end":{"line":141,"column":47}},"type":"cond-expr","locations":[{"start":{"line":141,"column":37},"end":{"line":141,"column":39}},{"start":{"line":141,"column":23},"end":{"line":141,"column":47}}]},"28":{"loc":{"start":{"line":141,"column":23},"end":{"line":141,"column":39}},"type":"binary-expr","locations":[{"start":{"line":141,"column":23},"end":{"line":141,"column":39}},{"start":{"line":141,"column":23},"end":{"line":141,"column":39}}]},"29":{"loc":{"start":{"line":155,"column":10},"end":{"line":163,"column":null}},"type":"if","locations":[{"start":{"line":155,"column":10},"end":{"line":163,"column":null}},{"start":{"line":159,"column":17},"end":{"line":163,"column":null}}]},"30":{"loc":{"start":{"line":170,"column":16},"end":{"line":170,"column":53}},"type":"binary-expr","locations":[{"start":{"line":170,"column":16},"end":{"line":170,"column":47}},{"start":{"line":170,"column":51},"end":{"line":170,"column":53}}]},"31":{"loc":{"start":{"line":170,"column":16},"end":{"line":170,"column":47}},"type":"cond-expr","locations":[{"start":{"line":170,"column":30},"end":{"line":170,"column":32}},{"start":{"line":170,"column":16},"end":{"line":170,"column":47}}]},"32":{"loc":{"start":{"line":170,"column":16},"end":{"line":170,"column":32}},"type":"binary-expr","locations":[{"start":{"line":170,"column":16},"end":{"line":170,"column":32}},{"start":{"line":170,"column":16},"end":{"line":170,"column":32}}]},"33":{"loc":{"start":{"line":176,"column":18},"end":{"line":176,"column":35}},"type":"cond-expr","locations":[{"start":{"line":176,"column":27},"end":{"line":176,"column":30}},{"start":{"line":176,"column":33},"end":{"line":176,"column":35}}]},"34":{"loc":{"start":{"line":178,"column":8},"end":{"line":178,"column":38}},"type":"binary-expr","locations":[{"start":{"line":178,"column":8},"end":{"line":178,"column":32}},{"start":{"line":178,"column":36},"end":{"line":178,"column":38}}]},"35":{"loc":{"start":{"line":178,"column":8},"end":{"line":178,"column":32}},"type":"cond-expr","locations":[{"start":{"line":178,"column":22},"end":{"line":178,"column":24}},{"start":{"line":178,"column":8},"end":{"line":178,"column":32}}]},"36":{"loc":{"start":{"line":178,"column":8},"end":{"line":178,"column":24}},"type":"binary-expr","locations":[{"start":{"line":178,"column":8},"end":{"line":178,"column":24}},{"start":{"line":178,"column":8},"end":{"line":178,"column":24}}]},"37":{"loc":{"start":{"line":181,"column":31},"end":{"line":185,"column":12}},"type":"cond-expr","locations":[{"start":{"line":182,"column":10},"end":{"line":184,"column":13}},{"start":{"line":185,"column":10},"end":{"line":185,"column":12}}]},"38":{"loc":{"start":{"line":181,"column":31},"end":{"line":181,"column":54}},"type":"cond-expr","locations":[{"start":{"line":181,"column":43},"end":{"line":181,"column":45}},{"start":{"line":181,"column":31},"end":{"line":181,"column":54}}]},"39":{"loc":{"start":{"line":181,"column":31},"end":{"line":181,"column":45}},"type":"binary-expr","locations":[{"start":{"line":181,"column":31},"end":{"line":181,"column":45}},{"start":{"line":181,"column":31},"end":{"line":181,"column":45}}]},"40":{"loc":{"start":{"line":182,"column":13},"end":{"line":182,"column":40}},"type":"cond-expr","locations":[{"start":{"line":182,"column":32},"end":{"line":182,"column":35}},{"start":{"line":182,"column":38},"end":{"line":182,"column":40}}]},"41":{"loc":{"start":{"line":183,"column":12},"end":{"line":183,"column":35}},"type":"cond-expr","locations":[{"start":{"line":183,"column":24},"end":{"line":183,"column":26}},{"start":{"line":183,"column":12},"end":{"line":183,"column":35}}]},"42":{"loc":{"start":{"line":183,"column":12},"end":{"line":183,"column":26}},"type":"binary-expr","locations":[{"start":{"line":183,"column":12},"end":{"line":183,"column":26}},{"start":{"line":183,"column":12},"end":{"line":183,"column":26}}]},"43":{"loc":{"start":{"line":188,"column":8},"end":{"line":188,"column":29}},"type":"cond-expr","locations":[{"start":{"line":188,"column":8},"end":{"line":188,"column":18}},{"start":{"line":188,"column":22},"end":{"line":188,"column":29}}]},"44":{"loc":{"start":{"line":188,"column":8},"end":{"line":188,"column":22}},"type":"binary-expr","locations":[{"start":{"line":188,"column":8},"end":{"line":188,"column":22}},{"start":{"line":188,"column":8},"end":{"line":188,"column":22}}]},"45":{"loc":{"start":{"line":193,"column":8},"end":{"line":193,"column":30}},"type":"cond-expr","locations":[{"start":{"line":193,"column":20},"end":{"line":193,"column":22}},{"start":{"line":193,"column":8},"end":{"line":193,"column":30}}]},"46":{"loc":{"start":{"line":193,"column":8},"end":{"line":193,"column":22}},"type":"binary-expr","locations":[{"start":{"line":193,"column":8},"end":{"line":193,"column":22}},{"start":{"line":193,"column":8},"end":{"line":193,"column":22}}]}},"s":{"0":1,"1":1,"2":1,"3":8,"4":7,"5":7,"6":7,"7":21,"8":8,"9":13,"10":21,"11":7,"12":7,"13":7,"14":4,"15":4,"16":3,"17":3,"18":6,"19":15,"20":4,"21":11,"22":15,"23":6,"24":6,"25":6,"26":4,"27":8,"28":1},"f":{"0":8,"1":7,"2":7,"3":21,"4":4,"5":3,"6":6,"7":15},"b":{"0":[0],"1":[0],"2":[8,0],"3":[0,8],"4":[8,8],"5":[0,8],"6":[8,8],"7":[8,13],"8":[7,2],"9":[0,7],"10":[7,7],"11":[7,0],"12":[0,7],"13":[7,7],"14":[0,7],"15":[0,7],"16":[7,7],"17":[0,0],"18":[0,0],"19":[0,0],"20":[0,7],"21":[7,7],"22":[1],"23":[2],"24":[4,0],"25":[0,4],"26":[4,4],"27":[0,4],"28":[4,4],"29":[4,11],"30":[6,2],"31":[0,6],"32":[6,6],"33":[6,0],"34":[6,0],"35":[0,6],"36":[6,6],"37":[0,6],"38":[0,6],"39":[6,6],"40":[0,0],"41":[0,0],"42":[0,0],"43":[1,5],"44":[6,1],"45":[0,6],"46":[6,6]}}
,"C:\\projects\\tailwind-factory\\src\\factory\\tailwind.ts": {"path":"C:\\projects\\tailwind-factory\\src\\factory\\tailwind.ts","statementMap":{"0":{"start":{"line":12,"column":21},"end":{"line":12,"column":31}},"1":{"start":{"line":13,"column":20},"end":{"line":13,"column":29}},"2":{"start":{"line":14,"column":25},"end":{"line":14,"column":32}},"3":{"start":{"line":16,"column":2},"end":{"line":18,"column":null}},"4":{"start":{"line":17,"column":4},"end":{"line":17,"column":64}},"5":{"start":{"line":20,"column":2},"end":{"line":36,"column":null}},"6":{"start":{"line":21,"column":32},"end":{"line":21,"column":77}},"7":{"start":{"line":22,"column":4},"end":{"line":35,"column":null}},"8":{"start":{"line":23,"column":6},"end":{"line":32,"column":19}},"9":{"start":{"line":25,"column":10},"end":{"line":25,"column":37}},"10":{"start":{"line":26,"column":10},"end":{"line":26,"column":49}},"11":{"start":{"line":30,"column":10},"end":{"line":30,"column":33}},"12":{"start":{"line":34,"column":6},"end":{"line":34,"column":16}},"13":{"start":{"line":38,"column":2},"end":{"line":38,"column":26}},"14":{"start":{"line":11,"column":0},"end":{"line":11,"column":16}},"15":{"start":{"line":46,"column":16},"end":{"line":46,"column":44}},"16":{"start":{"line":47,"column":24},"end":{"line":47,"column":54}},"17":{"start":{"line":49,"column":25},"end":{"line":67,"column":4}},"18":{"start":{"line":50,"column":19},"end":{"line":50,"column":53}},"19":{"start":{"line":51,"column":16},"end":{"line":51,"column":26}},"20":{"start":{"line":53,"column":4},"end":{"line":63,"column":null}},"21":{"start":{"line":57,"column":6},"end":{"line":57,"column":29}},"22":{"start":{"line":58,"column":11},"end":{"line":63,"column":null}},"23":{"start":{"line":62,"column":6},"end":{"line":62,"column":28}},"24":{"start":{"line":65,"column":25},"end":{"line":65,"column":46}},"25":{"start":{"line":66,"column":4},"end":{"line":66,"column":51}},"26":{"start":{"line":69,"column":18},"end":{"line":69,"column":51}},"27":{"start":{"line":71,"column":2},"end":{"line":73,"column":32}},"28":{"start":{"line":41,"column":0},"end":{"line":41,"column":16}}},"fnMap":{"0":{"name":"removeWhiteSpaceInClasses","decl":{"start":{"line":11,"column":16},"end":{"line":11,"column":41}},"loc":{"start":{"line":11,"column":57},"end":{"line":39,"column":1}}},"1":{"name":"(anonymous_1)","decl":{"start":{"line":24,"column":16},"end":{"line":24,"column":17}},"loc":{"start":{"line":24,"column":29},"end":{"line":27,"column":9}}},"2":{"name":"(anonymous_2)","decl":{"start":{"line":28,"column":13},"end":{"line":28,"column":14}},"loc":{"start":{"line":28,"column":26},"end":{"line":31,"column":9}}},"3":{"name":"getStyledElementClassName","decl":{"start":{"line":41,"column":16},"end":{"line":41,"column":41}},"loc":{"start":{"line":44,"column":18},"end":{"line":74,"column":1}}},"4":{"name":"(anonymous_4)","decl":{"start":{"line":49,"column":59},"end":{"line":49,"column":60}},"loc":{"start":{"line":49,"column":77},"end":{"line":67,"column":3}}}},"branchMap":{"0":{"loc":{"start":{"line":16,"column":2},"end":{"line":18,"column":null}},"type":"if","locations":[{"start":{"line":16,"column":2},"end":{"line":18,"column":null}}]},"1":{"loc":{"start":{"line":20,"column":2},"end":{"line":36,"column":null}},"type":"if","locations":[{"start":{"line":20,"column":2},"end":{"line":36,"column":null}}]},"2":{"loc":{"start":{"line":26,"column":17},"end":{"line":26,"column":48}},"type":"binary-expr","locations":[{"start":{"line":26,"column":17},"end":{"line":26,"column":27}},{"start":{"line":26,"column":31},"end":{"line":26,"column":48}}]},"3":{"loc":{"start":{"line":53,"column":4},"end":{"line":63,"column":null}},"type":"if","locations":[{"start":{"line":53,"column":4},"end":{"line":63,"column":null}},{"start":{"line":58,"column":11},"end":{"line":63,"column":null}}]},"4":{"loc":{"start":{"line":54,"column":6},"end":{"line":55,"column":55}},"type":"binary-expr","locations":[{"start":{"line":54,"column":7},"end":{"line":54,"column":30}},{"start":{"line":54,"column":34},"end":{"line":54,"column":53}},{"start":{"line":55,"column":7},"end":{"line":55,"column":31}},{"start":{"line":55,"column":35},"end":{"line":55,"column":54}}]},"5":{"loc":{"start":{"line":58,"column":11},"end":{"line":63,"column":null}},"type":"if","locations":[{"start":{"line":58,"column":11},"end":{"line":63,"column":null}}]},"6":{"loc":{"start":{"line":59,"column":6},"end":{"line":60,"column":56}},"type":"binary-expr","locations":[{"start":{"line":59,"column":7},"end":{"line":59,"column":27}},{"start":{"line":59,"column":31},"end":{"line":59,"column":54}},{"start":{"line":60,"column":7},"end":{"line":60,"column":27}},{"start":{"line":60,"column":31},"end":{"line":60,"column":55}}]},"7":{"loc":{"start":{"line":72,"column":4},"end":{"line":72,"column":null}},"type":"cond-expr","locations":[{"start":{"line":72,"column":44},"end":{"line":72,"column":47}},{"start":{"line":72,"column":50},"end":{"line":72,"column":null}}]},"8":{"loc":{"start":{"line":72,"column":4},"end":{"line":72,"column":41}},"type":"binary-expr","locations":[{"start":{"line":72,"column":4},"end":{"line":72,"column":30}},{"start":{"line":72,"column":34},"end":{"line":72,"column":41}}]}},"s":{"0":43,"1":43,"2":43,"3":43,"4":1,"5":43,"6":41,"7":41,"8":41,"9":2039,"10":2039,"11":68,"12":0,"13":2,"14":2,"15":19,"16":19,"17":19,"18":23,"19":23,"20":23,"21":7,"22":16,"23":2,"24":23,"25":23,"26":19,"27":19,"28":2},"f":{"0":43,"1":2039,"2":68,"3":19,"4":23},"b":{"0":[1],"1":[41],"2":[2039,68],"3":[7,16],"4":[23,9,19,5],"5":[2],"6":[16,2,15,1],"7":[14,5],"8":[19,16]}}
}
