TN:
SF:src\factory\tailwind.tsx
FN:11,removeWhiteSpaceInClasses
FN:24,(anonymous_1)
FN:28,(anonymous_2)
FN:41,getStyledElementClassName
FN:49,(anonymous_4)
FNF:5
FNH:5
FNDA:31,removeWhiteSpaceInClasses
FNDA:1647,(anonymous_1)
FNDA:58,(anonymous_2)
FNDA:14,getStyledElementClassName
FNDA:16,(anonymous_4)
DA:11,2
DA:12,31
DA:13,31
DA:14,31
DA:16,31
DA:17,0
DA:20,31
DA:21,31
DA:22,31
DA:23,31
DA:25,1647
DA:26,1647
DA:30,58
DA:34,0
DA:38,0
DA:41,2
DA:46,14
DA:47,14
DA:49,14
DA:50,16
DA:51,16
DA:54,14
DA:56,14
LF:23
LH:20
BRDA:16,0,0,0
BRDA:20,1,0,31
BRDA:26,2,0,1647
BRDA:26,2,1,58
BRDA:57,3,0,11
BRDA:57,3,1,3
BRDA:57,4,0,14
BRDA:57,4,1,11
BRF:8
BRH:7
end_of_record
