TN:
SF:src\index.tsx
FN:33,tf
FN:56,(anonymous_1)
FN:62,CreatedElement
FN:69,(anonymous_3)
FN:112,extendsElement
FN:140,(anonymous_5)
FN:146,CreatedExtendedElement
FN:153,(anonymous_7)
FNF:8
FNH:8
FNDA:7,tf
FNDA:6,(anonymous_1)
FNDA:6,CreatedElement
FNDA:19,(anonymous_3)
FNDA:2,extendsElement
FNDA:1,(anonymous_5)
FNDA:4,CreatedExtendedElement
FNDA:10,(anonymous_7)
DA:3,1
DA:4,1
DA:5,1
DA:33,1
DA:55,7
DA:57,6
DA:58,6
DA:68,6
DA:70,19
DA:71,7
DA:75,12
DA:80,19
DA:90,6
DA:96,6
DA:102,6
DA:137,2
DA:139,2
DA:141,1
DA:142,1
DA:152,4
DA:154,10
DA:155,2
DA:159,8
DA:164,10
DA:174,4
DA:180,4
DA:186,4
DA:196,2
DA:201,7
LF:29
LH:29
BRDA:40,0,0,0
BRDA:41,1,0,0
BRDA:55,2,0,7
BRDA:55,2,1,0
BRDA:55,3,0,0
BRDA:55,3,1,7
BRDA:55,4,0,7
BRDA:55,4,1,7
BRDA:56,5,0,0
BRDA:56,5,1,7
BRDA:56,6,0,7
BRDA:56,6,1,7
BRDA:70,7,0,7
BRDA:70,7,1,12
BRDA:85,8,0,6
BRDA:85,8,1,1
BRDA:85,9,0,0
BRDA:85,9,1,6
BRDA:85,10,0,6
BRDA:85,10,1,6
BRDA:93,11,0,6
BRDA:93,11,1,0
BRDA:93,12,0,0
BRDA:93,12,1,6
BRDA:93,13,0,6
BRDA:93,13,1,6
BRDA:96,14,0,0
BRDA:96,14,1,6
BRDA:96,15,0,0
BRDA:96,15,1,6
BRDA:96,16,0,6
BRDA:96,16,1,6
BRDA:97,17,0,0
BRDA:97,17,1,0
BRDA:98,18,0,0
BRDA:98,18,1,0
BRDA:98,19,0,0
BRDA:98,19,1,0
BRDA:108,20,0,0
BRDA:108,20,1,6
BRDA:108,21,0,6
BRDA:108,21,1,6
BRDA:119,22,0,0
BRDA:120,23,0,1
BRDA:139,24,0,2
BRDA:139,24,1,0
BRDA:139,25,0,0
BRDA:139,25,1,2
BRDA:139,26,0,2
BRDA:139,26,1,2
BRDA:140,27,0,0
BRDA:140,27,1,2
BRDA:140,28,0,2
BRDA:140,28,1,2
BRDA:154,29,0,2
BRDA:154,29,1,8
BRDA:169,30,0,4
BRDA:169,30,1,0
BRDA:169,31,0,0
BRDA:169,31,1,4
BRDA:169,32,0,4
BRDA:169,32,1,4
BRDA:175,33,0,4
BRDA:175,33,1,0
BRDA:177,34,0,4
BRDA:177,34,1,0
BRDA:177,35,0,0
BRDA:177,35,1,4
BRDA:177,36,0,4
BRDA:177,36,1,4
BRDA:180,37,0,0
BRDA:180,37,1,4
BRDA:180,38,0,0
BRDA:180,38,1,4
BRDA:180,39,0,4
BRDA:180,39,1,4
BRDA:181,40,0,0
BRDA:181,40,1,0
BRDA:182,41,0,0
BRDA:182,41,1,0
BRDA:182,42,0,0
BRDA:182,42,1,0
BRDA:192,43,0,0
BRDA:192,43,1,4
BRDA:192,44,0,4
BRDA:192,44,1,4
BRF:86
BRH:51
end_of_record
